<?xml version="1.0" encoding="UTF-8"?>
<!-- Generated by org.testng.reporters.JUnitReportReporter -->
<testsuite hostname="Miles-MacBook-Pro.local" failures="0" tests="1" name="testing.appium.eConsentTesting.Web.sign_In.Sign_In" time="4.269" errors="0" timestamp="2022-11-30T13:44:07 CET" skipped="0">
  <testcase classname="testing.appium.eConsentTesting.Web.sign_In.Sign_In" name="participant_Auth_Mobile_Sign_in_with_incorrect_email" time="4.269"/>
  <system-out>
    <![CDATA[2022-11-30 13:44:01.713  Waiting--> To be Clickable element: "Username Input Field"
2022-11-30 13:44:02.819  Action-->  Send Text:  "incorrect"  on element: "Username Input Field"
2022-11-30 13:44:02.821  Waiting--> To be Clickable element: "Password Input Field"
2022-11-30 13:44:04.488  Action-->  Send Text:  "incorrect"  on element: "Password Input Field"
2022-11-30 13:44:05.246  Waiting--> To be Visible element: "Sign in Button"
2022-11-30 13:44:05.405  Assert-->  Verification successful - element: "Sign in Button" is Disabled
2022-11-30 13:44:05.407  Waiting--> To be Visible element: "Username Input field"
2022-11-30 13:44:05.500  Assert-->  Verification successful - element: "Username Input field" color is: rgba(229, 28, 35, 1) = Red
2022-11-30 13:44:05.500  Waiting--> To be Visible element: "Username Error Message"
2022-11-30 13:44:05.597  Assert-->  Verification successful. expected: Required == actual: Required
2022-11-30 13:44:05.597  Waiting--> To be Visible element: "Password Input field"
2022-11-30 13:44:05.686  Assert-->  Verification successful - element: "Password Input field" color is: rgba(185, 21, 27, 1) = Red
--- Test Case - participant_Auth_Mobile_Sign_in_with_incorrect_email -- Finish --> {color:#36b37e}*PASSED*{color} ---\n
[32m------------ >>>[ Test PASSED: participant_Auth_Mobile_Sign_in_with_incorrect_email ]<<< ------------[0m]]>
  </system-out>
</testsuite> <!-- testing.appium.eConsentTesting.Web.sign_In.Sign_In -->
