<?xml version="1.0" encoding="UTF-8"?>
<!-- Generated by org.testng.reporters.JUnitReportReporter -->
<testsuite hostname="Miles-MacBook-Pro.local" failures="0" tests="1" name="testing.appium.eConsentTesting.Web.sign_In.Sign_In" time="3.561" errors="0" timestamp="2022-11-23T11:47:46 CET" skipped="0">
  <testcase classname="testing.appium.eConsentTesting.Web.sign_In.Sign_In" name="participant_Auth_Mobile_Sign_in_with_incorrect_email" time="3.561"/>
  <system-out>
    <![CDATA[2022-11-23 11:47:38.607  Waiting--> To be Clickable element: "Username Input Field"
2022-11-23 11:47:39.337  Action-->  Send Text:  "incorrect"  on element: "Username Input Field"
2022-11-23 11:47:39.337  Waiting--> To be Clickable element: "Password Input Field"
2022-11-23 11:47:39.885  Action-->  Send Text:  "incorrect"  on element: "Password Input Field"
2022-11-23 11:47:40.414  Waiting--> To be Visible element: "Sign in Button"
2022-11-23 11:47:40.550  Assert-->  Verification successful - element: "Sign in Button" is Disabled
2022-11-23 11:47:40.558  Waiting--> To be Visible element: "Username Input field"
2022-11-23 11:47:40.677  Assert-->  Verification successful - element: "Username Input field" color is: rgba(229, 28, 35, 1) = Red
2022-11-23 11:47:40.677  Waiting--> To be Visible element: "Username Error Message"
2022-11-23 11:47:41.520  Assert-->  Verification successful. expected: Required == actual: Required
2022-11-23 11:47:41.524  Waiting--> To be Visible element: "Password Input field"
2022-11-23 11:47:41.848  Assert-->  Verification successful - element: "Password Input field" color is: rgba(185, 21, 27, 1) = Red
--- Test Case - participant_Auth_Mobile_Sign_in_with_incorrect_email -- Finish --> {color:#36b37e}*PASSED*{color} ---\n
[32m------------ >>>[ Test PASSED: participant_Auth_Mobile_Sign_in_with_incorrect_email ]<<< ------------[0m]]>
  </system-out>
</testsuite> <!-- testing.appium.eConsentTesting.Web.sign_In.Sign_In -->
