<?xml version="1.0" encoding="UTF-8"?>
<testsuite name="testing.appium.eConsentTesting.Web.sign_In.Sign_In" tests="1" skipped="0" failures="0" errors="0" timestamp="2022-11-23T10:47:38" hostname="Miles-MacBook-Pro.local" time="3.244">
  <properties/>
  <testcase name="participant_Auth_Mobile_Sign_in_with_incorrect_email[0](Participant, Android, incorrect, incorrect, org.testng.TestRunner@2ca14d94)" classname="testing.appium.eConsentTesting.Web.sign_In.Sign_In" time="3.244"/>
  <system-out><![CDATA[obj: {"invitingSystem":"econsent","siteName":"JSD PARTIZAN","invitingOrganizationId":"635a81c6dbd660009ecbace9","language":"en","invitingUserType":"clinical","invitingUserId":"632871400ada1c0061ded2f6","email":"okok@kokok.ca","inviteMethod":"email"}
obj_length: 244
obj_Bytes_sha256Hex: 503af3bda60188e6809a053f30679232d77f70e4c5f5d5e0561a01447c1b1f76
obj_Bytes_sha256Hex_Bytes_Base64: NTAzYWYzYmRhNjAxODhlNjgwOWEwNTNmMzA2NzkyMzJkNzdmNzBlNGM1ZjVkNWUwNTYxYTAxNDQ3YzFiMWY3Ng==
2022-11-23 11:47:36.228  Information-->  eConsent POST API Status Code: 401
2022-11-23 11:47:36.228  Information-->  eConsent POST API Response Body: {"attributes":{"error":"Bad signature"},"error":"Unauthorized","message":"Bad signature","statusCode":401}
2022-11-23 11:47:37.384  Action-->  Enter URL: https://us-participant-auth.se.qav2.researchbinders.com/#/sign-in?language=en
2022-11-23 11:47:37.385  Waiting--> For the Application to Load
2022-11-23 11:47:38.592  Information-->  Application is Running
2022-11-23 11:47:38.607  Waiting--> To be Clickable element: "Username Input Field"
2022-11-23 11:47:39.337  Action-->  Send Text:  "incorrect"  on element: "Username Input Field"
2022-11-23 11:47:39.337  Waiting--> To be Clickable element: "Password Input Field"
2022-11-23 11:47:39.885  Action-->  Send Text:  "incorrect"  on element: "Password Input Field"
2022-11-23 11:47:40.414  Waiting--> To be Visible element: "Sign in Button"
2022-11-23 11:47:40.550  Assert-->  Verification successful - element: "Sign in Button" is Disabled
2022-11-23 11:47:40.558  Waiting--> To be Visible element: "Username Input field"
2022-11-23 11:47:40.677  Assert-->  Verification successful - element: "Username Input field" color is: rgba(229, 28, 35, 1) = Red
2022-11-23 11:47:40.677  Waiting--> To be Visible element: "Username Error Message"
2022-11-23 11:47:41.520  Assert-->  Verification successful. expected: Required == actual: Required
2022-11-23 11:47:41.524  Waiting--> To be Visible element: "Password Input field"
2022-11-23 11:47:41.848  Assert-->  Verification successful - element: "Password Input field" color is: rgba(185, 21, 27, 1) = Red
--- Test Case - participant_Auth_Mobile_Sign_in_with_incorrect_email -- Finish --> {color:#36b37e}*PASSED*{color} ---\n
?[32m------------ >>>[ Test PASSED: participant_Auth_Mobile_Sign_in_with_incorrect_email ]<<< ------------?[0m
2022-11-23 11:47:41.963  Information-->  Postcondition procedure for TC: participant_Auth_Mobile_Sign_in_with_incorrect_email
2022-11-23 11:47:42.278  Action-->  Refresh Web Page
]]></system-out>
  <system-err><![CDATA[[Test worker] WARN org.apache.http.client.protocol.ResponseProcessCookies - Invalid cookie header: "set-cookie: session=; Max-Age=0; Expires=Thu, 01 Jan 1970 00:00:00 GMT; Secure; HttpOnly; SameSite=Lax; Domain=.qav2.researchbinders.com; Path=/". Invalid 'expires' attribute: Thu, 01 Jan 1970 00:00:00 GMT
[Test worker] WARN org.apache.http.client.protocol.ResponseProcessCookies - Invalid cookie header: "set-cookie: pauth__is_present=; Max-Age=0; Expires=Thu, 01 Jan 1970 00:00:00 GMT; Secure; SameSite=Lax; Domain=.qav2.researchbinders.com; Path=/". Invalid 'expires' attribute: Thu, 01 Jan 1970 00:00:00 GMT
]]></system-err>
</testsuite>
