<?xml version="1.0" encoding="UTF-8"?>
<testsuite name="testing.appium.eConsentTesting.Web.sign_In.Sign_In" tests="1" skipped="0" failures="0" errors="0" timestamp="2022-11-30T12:44:01" hostname="Miles-MacBook-Pro.local" time="3.975">
  <properties/>
  <testcase name="participant_Auth_Mobile_Sign_in_with_incorrect_email[0](Participant, Android, incorrect, incorrect, org.testng.TestRunner@5b024e87)" classname="testing.appium.eConsentTesting.Web.sign_In.Sign_In" time="3.975"/>
  <system-out><![CDATA[2022-11-30 13:44:00.707  Action-->  Enter URL: https://us-participant-auth.se.uatv2.researchbinders.com/#/sign-in?language=en
2022-11-30 13:44:00.713  Waiting--> For the Application to Load
2022-11-30 13:44:01.681  Information-->  Application is Running
2022-11-30 13:44:01.713  Waiting--> To be Clickable element: "Username Input Field"
2022-11-30 13:44:02.819  Action-->  Send Text:  "incorrect"  on element: "Username Input Field"
2022-11-30 13:44:02.821  Waiting--> To be Clickable element: "Password Input Field"
2022-11-30 13:44:04.488  Action-->  Send Text:  "incorrect"  on element: "Password Input Field"
2022-11-30 13:44:05.246  Waiting--> To be Visible element: "Sign in Button"
2022-11-30 13:44:05.405  Assert-->  Verification successful - element: "Sign in Button" is Disabled
2022-11-30 13:44:05.407  Waiting--> To be Visible element: "Username Input field"
2022-11-30 13:44:05.500  Assert-->  Verification successful - element: "Username Input field" color is: rgba(229, 28, 35, 1) = Red
2022-11-30 13:44:05.500  Waiting--> To be Visible element: "Username Error Message"
2022-11-30 13:44:05.597  Assert-->  Verification successful. expected: Required == actual: Required
2022-11-30 13:44:05.597  Waiting--> To be Visible element: "Password Input field"
2022-11-30 13:44:05.686  Assert-->  Verification successful - element: "Password Input field" color is: rgba(185, 21, 27, 1) = Red
--- Test Case - participant_Auth_Mobile_Sign_in_with_incorrect_email -- Finish --> {color:#36b37e}*PASSED*{color} ---\n
?[32m------------ >>>[ Test PASSED: participant_Auth_Mobile_Sign_in_with_incorrect_email ]<<< ------------?[0m
2022-11-30 13:44:05.697  Information-->  Postcondition procedure for TC: participant_Auth_Mobile_Sign_in_with_incorrect_email
2022-11-30 13:44:05.990  Action-->  Refresh Web Page
]]></system-out>
  <system-err><![CDATA[]]></system-err>
</testsuite>
